a:\paystubgen\paystubgen1_1\debug\vc140.pdb
a:\paystubgen\paystubgen1_1\debug\vc140.idb
a:\paystubgen\paystubgen1_1\debug\controller.obj
a:\paystubgen\paystubgen1_1\debug\driver.obj
a:\paystubgen\paystubgen1_1\debug\model.obj
a:\paystubgen\paystubgen1_1\debug\observer.obj
a:\paystubgen\paystubgen1_1\debug\stubentry.obj
a:\paystubgen\paystubgen1_1\debug\subject.obj
a:\paystubgen\paystubgen1_1\debug\view.obj
a:\paystubgen\debug\paystubgen1_1.ilk
a:\paystubgen\debug\paystubgen1_1.exe
a:\paystubgen\debug\paystubgen1_1.pdb
a:\paystubgen\debug\paystubgen1_1.lib
a:\paystubgen\debug\paystubgen1_1.exp
a:\paystubgen\paystubgen1_1\debug\paystubgen1_1.tlog\cl.command.1.tlog
a:\paystubgen\paystubgen1_1\debug\paystubgen1_1.tlog\cl.read.1.tlog
a:\paystubgen\paystubgen1_1\debug\paystubgen1_1.tlog\cl.write.1.tlog
a:\paystubgen\paystubgen1_1\debug\paystubgen1_1.tlog\link.command.1.tlog
a:\paystubgen\paystubgen1_1\debug\paystubgen1_1.tlog\link.read.1.tlog
a:\paystubgen\paystubgen1_1\debug\paystubgen1_1.tlog\link.write.1.tlog
a:\paystubgen\paystubgen1_1\debug\paystubgen1_1.tlog\paystubgen1_1.write.1u.tlog
